0 info it worked if it ends with ok
1 verbose cli [ 'C:\\Program Files\\nodejs\\node.exe',
1 verbose cli   'C:\\Users\\Administrator\\AppData\\Roaming\\npm\\node_modules\\cnpm\\node_modules\\npm\\bin\\npm-cli.js',
1 verbose cli   '--userconfig=C:\\Users\\Administrator\\.cnpmrc',
1 verbose cli   '--disturl=https://npm.taobao.org/mirrors/node',
1 verbose cli   '--registry=https://registry.npm.taobao.org',
1 verbose cli   'run',
1 verbose cli   'build' ]
2 info using npm@3.10.10
3 info using node@v10.13.0
4 verbose run-script [ 'prebuild', 'build', 'postbuild' ]
5 info lifecycle webpack4.x-vue@1.0.0~prebuild: webpack4.x-vue@1.0.0
6 silly lifecycle webpack4.x-vue@1.0.0~prebuild: no script for prebuild, continuing
7 info lifecycle webpack4.x-vue@1.0.0~build: webpack4.x-vue@1.0.0
8 verbose lifecycle webpack4.x-vue@1.0.0~build: unsafe-perm in lifecycle true
9 verbose lifecycle webpack4.x-vue@1.0.0~build: PATH: C:\Users\Administrator\AppData\Roaming\npm\node_modules\cnpm\node_modules\npm\bin\node-gyp-bin;D:\studySpace\webpack4.x-vue\node_modules\.bin;C:\Program Files\Git\mingw64\bin;C:\Program Files\Git\usr\bin;C:\Users\Administrator\bin;C:\Program Files (x86)\Common Files\Oracle\Java\javapath;C:\ProgramData\Oracle\Java\javapath;C:\Windows\system32;C:\Windows;C:\Windows\System32\Wbem;C:\Windows\System32\WindowsPowerShell\v1.0;C:\Program Files\SlikSvn\bin;C:\Program Files\TortoiseSVN\bin;C:\Program Files (x86)\NVIDIA Corporation\PhysX\Common;C:\Program Files\Git\cmd;C:\Program Files\TortoiseGit\bin;C:\Users\Administrator\AppData\Local\Programs\Python\Python37\Scripts;C:\Users\Administrator\AppData\Local\Programs\Python\Python37;C:\Program Files (x86)\Meld;D:\Program Files\Microsoft VS Code\bin;C:\Users\Administrator\AppData\Local\Programs\Microsoft VS Code\bin;D:\Microsoft VS Code\bin;C:\Users\Administrator\AppData\Roaming\npm;C:\Users\Administrator\AppData\Local\Programs\Python\Python37\Scripts;C:\Users\Administrator\AppData\Local\Programs\Python\Python37;C:\Program Files (x86)\Meld;D:\Program Files\Microsoft VS Code\bin;C:\Users\Administrator\AppData\Local\Programs\Microsoft VS Code\bin;D:\Microsoft VS Code\b;C:\Users\Administrator\AppData\Roaming\nvm;C:\Program Files\nodejs;C:\Users\Administrator\AppData\Local\Programs\Python\Python37\Scripts;C:\Users\Administrator\AppData\Local\Programs\Python\Python37;C:\Program Files (x86)\Meld;D:\Program Files\Microsoft VS Code\bin;C:\Users\Administrator\AppData\Local\Programs\Microsoft VS Code\bin;D:\Microsoft VS Code\bin;C:\Users\Administrator\AppData\Roaming\npm;C:\Users\Administrator\AppData\Roaming\nvm;C:\Program Files\nodejs
10 verbose lifecycle webpack4.x-vue@1.0.0~build: CWD: D:\studySpace\webpack4.x-vue
11 silly lifecycle webpack4.x-vue@1.0.0~build: Args: [ '/d /s /c', 'node build/build.js' ]
12 silly lifecycle webpack4.x-vue@1.0.0~build: Returned: code: 1  signal: null
13 info lifecycle webpack4.x-vue@1.0.0~build: Failed to exec build script
14 verbose stack Error: webpack4.x-vue@1.0.0 build: `node build/build.js`
14 verbose stack Exit status 1
14 verbose stack     at EventEmitter.<anonymous> (C:\Users\Administrator\AppData\Roaming\npm\node_modules\cnpm\node_modules\npm\lib\utils\lifecycle.js:255:16)
14 verbose stack     at EventEmitter.emit (events.js:182:13)
14 verbose stack     at ChildProcess.<anonymous> (C:\Users\Administrator\AppData\Roaming\npm\node_modules\cnpm\node_modules\npm\lib\utils\spawn.js:40:14)
14 verbose stack     at ChildProcess.emit (events.js:182:13)
14 verbose stack     at maybeClose (internal/child_process.js:962:16)
14 verbose stack     at Process.ChildProcess._handle.onexit (internal/child_process.js:251:5)
15 verbose pkgid webpack4.x-vue@1.0.0
16 verbose cwd D:\studySpace\webpack4.x-vue
17 error Windows_NT 6.1.7601
18 error argv "C:\\Program Files\\nodejs\\node.exe" "C:\\Users\\Administrator\\AppData\\Roaming\\npm\\node_modules\\cnpm\\node_modules\\npm\\bin\\npm-cli.js" "--userconfig=C:\\Users\\Administrator\\.cnpmrc" "--disturl=https://npm.taobao.org/mirrors/node" "--registry=https://registry.npm.taobao.org" "run" "build"
19 error node v10.13.0
20 error npm  v3.10.10
21 error code ELIFECYCLE
22 error webpack4.x-vue@1.0.0 build: `node build/build.js`
22 error Exit status 1
23 error Failed at the webpack4.x-vue@1.0.0 build script 'node build/build.js'.
23 error Make sure you have the latest version of node.js and npm installed.
23 error If you do, this is most likely a problem with the webpack4.x-vue package,
23 error not with npm itself.
23 error Tell the author that this fails on your system:
23 error     node build/build.js
23 error You can get information on how to open an issue for this project with:
23 error     npm bugs webpack4.x-vue
23 error Or if that isn't available, you can get their info via:
23 error     npm owner ls webpack4.x-vue
23 error There is likely additional logging output above.
24 verbose exit [ 1, true ]
